Demo/build/outputs/logs/manifest-merger-debug-report.txt
-- Merging decision tree log ---
provider#android.support.v4.content.FileProvider
INJECTED from src/main/AndroidManifest.xml:22:9-30:20
	android:grantUriPermissions
		ADDED from src/main/AndroidManifest.xml:26:13-47
	android:authorities
		INJECTED from src/main/AndroidManifest.xml
		ADDED from src/main/AndroidManifest.xml:24:13-64
	android:exported
		ADDED from src/main/AndroidManifest.xml:25:13-37
	android:name
		ADDED from src/main/AndroidManifest.xml:23:13-67
manifest
ADDED from src/main/AndroidManifest.xml:2:1-399:12
INJECTED from src/main/AndroidManifest.xml:2:1-399:12
INJECTED from src/main/AndroidManifest.xml:2:1-399:12
INJECTED from src/main/AndroidManifest.xml:2:1-399:12
MERGED from [GDTSDK.union.4.80.950.aar] AndroidManifest.xml:2:1-42:12
MERGED from [com.android.support:support-v4:28.0.0] AndroidManifest.xml:17:1-22:12
MERGED from [com.android.support:design:28.0.0] AndroidManifest.xml:17:1-24:12
MERGED from [com.android.support:recyclerview-v7:28.0.0] AndroidManifest.xml:17:1-22:12
MERGED from [com.android.support:appcompat-v7:28.0.0] AndroidManifest.xml:17:1-22:12
MERGED from [com.android.support.constraint:constraint-layout:1.1.3] AndroidManifest.xml:2:1-11:12
MERGED from [com.tencent.bugly:crashreport:3.0.1] AndroidManifest.xml:2:1-9:12
MERGED from [com.android.support:support-media-compat:28.0.0] AndroidManifest.xml:17:1-22:12
MERGED from [com.android.support:support-fragment:28.0.0] AndroidManifest.xml:17:1-22:12
MERGED from [com.android.support:animated-vector-drawable:28.0.0] AndroidManifest.xml:17:1-22:12
MERGED from [com.android.support:support-core-ui:28.0.0] AndroidManifest.xml:17:1-22:12
MERGED from [com.android.support:support-core-utils:28.0.0] AndroidManifest.xml:17:1-22:12
MERGED from [com.android.support:support-vector-drawable:28.0.0] AndroidManifest.xml:17:1-22:12
MERGED from [com.android.support:transition:28.0.0] AndroidManifest.xml:17:1-22:12
MERGED from [com.android.support:loader:28.0.0] AndroidManifest.xml:17:1-22:12
MERGED from [com.android.support:viewpager:28.0.0] AndroidManifest.xml:17:1-22:12
MERGED from [com.android.support:coordinatorlayout:28.0.0] AndroidManifest.xml:17:1-22:12
MERGED from [com.android.support:drawerlayout:28.0.0] AndroidManifest.xml:17:1-22:12
MERGED from [com.android.support:slidingpanelayout:28.0.0] AndroidManifest.xml:17:1-22:12
MERGED from [com.android.support:customview:28.0.0] AndroidManifest.xml:17:1-22:12
MERGED from [com.android.support:swiperefreshlayout:28.0.0] AndroidManifest.xml:17:1-22:12
MERGED from [com.android.support:asynclayoutinflater:28.0.0] AndroidManifest.xml:17:1-22:12
MERGED from [com.android.support:support-compat:28.0.0] AndroidManifest.xml:17:1-24:12
MERGED from [com.android.support:versionedparcelable:28.0.0] AndroidManifest.xml:17:1-25:12
MERGED from [com.android.support:cursoradapter:28.0.0] AndroidManifest.xml:17:1-22:12
MERGED from [com.android.support:cardview-v7:28.0.0] AndroidManifest.xml:17:1-22:12
MERGED from [android.arch.lifecycle:runtime:1.1.1] AndroidManifest.xml:17:1-22:12
MERGED from [com.android.support:documentfile:28.0.0] AndroidManifest.xml:17:1-22:12
MERGED from [com.android.support:localbroadcastmanager:28.0.0] AndroidManifest.xml:17:1-22:12
MERGED from [com.android.support:print:28.0.0] AndroidManifest.xml:17:1-22:12
MERGED from [com.android.support:interpolator:28.0.0] AndroidManifest.xml:17:1-22:12
MERGED from [android.arch.lifecycle:viewmodel:1.1.1] AndroidManifest.xml:17:1-22:12
MERGED from [android.arch.lifecycle:livedata:1.1.1] AndroidManifest.xml:17:1-22:12
MERGED from [android.arch.lifecycle:livedata-core:1.1.1] AndroidManifest.xml:17:1-22:12
MERGED from [android.arch.core:runtime:1.1.1] AndroidManifest.xml:17:1-22:12
INJECTED from src/main/AndroidManifest.xml:2:1-399:12
INJECTED from src/main/AndroidManifest.xml:2:1-399:12
INJECTED from src/main/AndroidManifest.xml:2:1-399:12
	package
		ADDED from src/main/AndroidManifest.xml:3:5-34
		INJECTED from src/main/AndroidManifest.xml
		INJECTED from src/main/AndroidManifest.xml
	android:versionName
		ADDED from src/main/AndroidManifest.xml:5:5-30
		INJECTED from src/main/AndroidManifest.xml
		INJECTED from src/main/AndroidManifest.xml
	xmlns:android
		ADDED from src/main/AndroidManifest.xml:2:11-69
	android:versionCode
		ADDED from src/main/AndroidManifest.xml:4:5-28
		INJECTED from src/main/AndroidManifest.xml
		INJECTED from src/main/AndroidManifest.xml
uses-permission#android.permission.READ_PHONE_STATE
ADDED from src/main/AndroidManifest.xml:9:5-75
	android:name
		ADDED from src/main/AndroidManifest.xml:9:22-72
uses-permission#android.permission.ACCESS_COARSE_LOCATION
ADDED from src/main/AndroidManifest.xml:10:5-81
	android:name
		ADDED from src/main/AndroidManifest.xml:10:22-78
uses-permission#android.permission.ACCESS_FINE_LOCATION
ADDED from src/main/AndroidManifest.xml:11:5-79
	android:name
		ADDED from src/main/AndroidManifest.xml:11:22-76
application
ADDED from src/main/AndroidManifest.xml:13:5-397:19
MERGED from [GDTSDK.union.4.80.950.aar] AndroidManifest.xml:16:5-40:19
MERGED from [GDTSDK.union.4.80.950.aar] AndroidManifest.xml:16:5-40:19
MERGED from [com.android.support:design:28.0.0] AndroidManifest.xml:22:5-20
MERGED from [com.android.support:design:28.0.0] AndroidManifest.xml:22:5-20
MERGED from [com.android.support.constraint:constraint-layout:1.1.3] AndroidManifest.xml:9:5-20
MERGED from [com.android.support.constraint:constraint-layout:1.1.3] AndroidManifest.xml:9:5-20
MERGED from [com.android.support:support-compat:28.0.0] AndroidManifest.xml:22:5-94
MERGED from [com.android.support:support-compat:28.0.0] AndroidManifest.xml:22:5-94
MERGED from [com.android.support:versionedparcelable:28.0.0] AndroidManifest.xml:22:5-23:19
MERGED from [com.android.support:versionedparcelable:28.0.0] AndroidManifest.xml:22:5-23:19
	android:appComponentFactory
		ADDED from [com.android.support:support-compat:28.0.0] AndroidManifest.xml:22:18-91
	android:label
		ADDED from src/main/AndroidManifest.xml:16:9-41
	android:icon
		ADDED from src/main/AndroidManifest.xml:15:9-41
	android:theme
		ADDED from src/main/AndroidManifest.xml:17:9-40
	android:networkSecurityConfig
		ADDED from src/main/AndroidManifest.xml:18:9-69
	android:usesCleartextTraffic
		ADDED from [GDTSDK.union.4.80.950.aar] AndroidManifest.xml:16:18-53
	android:name
		ADDED from src/main/AndroidManifest.xml:14:9-40
meta-data#com.tencent.rdm.uuid
ADDED from src/main/AndroidManifest.xml:20:2-104
MERGED from [GDTSDK.union.4.80.950.aar] AndroidManifest.xml:17:9-19:68
MERGED from [GDTSDK.union.4.80.950.aar] AndroidManifest.xml:17:9-19:68
	android:value
		ADDED from src/main/AndroidManifest.xml:20:49-101
	android:name
		ADDED from src/main/AndroidManifest.xml:20:13-48
activity#com.qq.e.union.demo.DemoListActivity
ADDED from src/main/AndroidManifest.xml:32:9-43:20
	android:screenOrientation
		ADDED from src/main/AndroidManifest.xml:37:13-49
	android:label
		ADDED from src/main/AndroidManifest.xml:35:13-60
	android:launchMode
		ADDED from src/main/AndroidManifest.xml:36:13-44
	android:windowSoftInputMode
		ADDED from src/main/AndroidManifest.xml:38:13-72
	android:exported
		ADDED from src/main/AndroidManifest.xml:34:13-36
	android:name
		ADDED from src/main/AndroidManifest.xml:33:13-45
intent-filter#action:name:android.intent.action.VIEW+category:name:android.intent.category.DEFAULT
ADDED from src/main/AndroidManifest.xml:39:13-42:29
action#android.intent.action.VIEW
ADDED from src/main/AndroidManifest.xml:40:17-69
	android:name
		ADDED from src/main/AndroidManifest.xml:40:25-66
category#android.intent.category.DEFAULT
ADDED from src/main/AndroidManifest.xml:41:17-76
	android:name
		ADDED from src/main/AndroidManifest.xml:41:27-73
activity#com.qq.e.union.demo.SplashActivity
ADDED from src/main/AndroidManifest.xml:44:9-54:20
	android:screenOrientation
		ADDED from src/main/AndroidManifest.xml:47:13-49
	android:windowSoftInputMode
		ADDED from src/main/AndroidManifest.xml:49:13-54
	android:configChanges
		ADDED from src/main/AndroidManifest.xml:46:13-83
	android:theme
		ADDED from src/main/AndroidManifest.xml:48:13-71
	android:name
		ADDED from src/main/AndroidManifest.xml:45:13-43
intent-filter#action:name:android.intent.action.MAIN+category:name:android.intent.category.LAUNCHER
ADDED from src/main/AndroidManifest.xml:50:13-53:29
action#android.intent.action.MAIN
ADDED from src/main/AndroidManifest.xml:51:17-69
	android:name
		ADDED from src/main/AndroidManifest.xml:51:25-66
category#android.intent.category.LAUNCHER
ADDED from src/main/AndroidManifest.xml:52:17-77
	android:name
		ADDED from src/main/AndroidManifest.xml:52:27-74
activity#com.qq.e.union.demo.SplashADActivity
ADDED from src/main/AndroidManifest.xml:55:9-73:20
	android:screenOrientation
		ADDED from src/main/AndroidManifest.xml:57:13-49
	android:name
		ADDED from src/main/AndroidManifest.xml:56:13-45
intent-filter#action:name:gdt.action.LAUNCH_DEMO+category:name:android.intent.category.DEFAULT
ADDED from src/main/AndroidManifest.xml:58:13-62:29
action#gdt.action.LAUNCH_DEMO
ADDED from src/main/AndroidManifest.xml:59:17-65
	android:name
		ADDED from src/main/AndroidManifest.xml:59:25-62
meta-data#id
ADDED from src/main/AndroidManifest.xml:64:13-66:50
	android:value
		ADDED from src/main/AndroidManifest.xml:66:17-47
	android:name
		ADDED from src/main/AndroidManifest.xml:65:17-34
meta-data#content
ADDED from src/main/AndroidManifest.xml:67:13-69:44
	android:value
		ADDED from src/main/AndroidManifest.xml:69:17-41
	android:name
		ADDED from src/main/AndroidManifest.xml:68:17-39
meta-data#action
ADDED from src/main/AndroidManifest.xml:70:13-72:58
	android:value
		ADDED from src/main/AndroidManifest.xml:72:17-55
	android:name
		ADDED from src/main/AndroidManifest.xml:71:17-38
activity#com.qq.e.union.demo.BannerActivity
ADDED from src/main/AndroidManifest.xml:74:9-93:20
	android:label
		ADDED from src/main/AndroidManifest.xml:76:13-58
	android:windowSoftInputMode
		ADDED from src/main/AndroidManifest.xml:77:13-72
	android:name
		ADDED from src/main/AndroidManifest.xml:75:13-43
intent-filter#action:name:gdt.action.BANNER_DEMO+category:name:android.intent.category.DEFAULT
ADDED from src/main/AndroidManifest.xml:88:13-92:29
action#gdt.action.BANNER_DEMO
ADDED from src/main/AndroidManifest.xml:89:17-65
	android:name
		ADDED from src/main/AndroidManifest.xml:89:25-62
activity#com.qq.e.union.demo.InterstitialADActivity
ADDED from src/main/AndroidManifest.xml:94:9-113:20
	android:label
		ADDED from src/main/AndroidManifest.xml:96:13-67
	android:windowSoftInputMode
		ADDED from src/main/AndroidManifest.xml:97:13-72
	android:name
		ADDED from src/main/AndroidManifest.xml:95:13-51
intent-filter#action:name:gdt.action.INTERSTITIAL_DEMO+category:name:android.intent.category.DEFAULT
ADDED from src/main/AndroidManifest.xml:108:13-112:29
action#gdt.action.INTERSTITIAL_DEMO
ADDED from src/main/AndroidManifest.xml:109:17-71
	android:name
		ADDED from src/main/AndroidManifest.xml:109:25-68
activity#com.qq.e.union.demo.DeviceInfoActivity
ADDED from src/main/AndroidManifest.xml:114:9-117:75
	android:label
		ADDED from src/main/AndroidManifest.xml:116:13-63
	android:windowSoftInputMode
		ADDED from src/main/AndroidManifest.xml:117:13-72
	android:name
		ADDED from src/main/AndroidManifest.xml:115:13-47
activity#com.qq.e.union.demo.NativeADActivity
ADDED from src/main/AndroidManifest.xml:118:9-138:20
	android:screenOrientation
		ADDED from src/main/AndroidManifest.xml:121:13-49
	android:label
		ADDED from src/main/AndroidManifest.xml:120:13-51
	android:windowSoftInputMode
		ADDED from src/main/AndroidManifest.xml:122:13-72
	android:name
		ADDED from src/main/AndroidManifest.xml:119:13-45
intent-filter#action:name:gdt.action.NATIVE_SELF_DEMO+category:name:android.intent.category.DEFAULT
ADDED from src/main/AndroidManifest.xml:133:13-137:29
action#gdt.action.NATIVE_SELF_DEMO
ADDED from src/main/AndroidManifest.xml:134:17-70
	android:name
		ADDED from src/main/AndroidManifest.xml:134:25-67
activity#com.qq.e.union.demo.MultiProcessNativeADActivity
ADDED from src/main/AndroidManifest.xml:139:9-160:20
	android:screenOrientation
		ADDED from src/main/AndroidManifest.xml:143:13-49
	android:process
		ADDED from src/main/AndroidManifest.xml:142:13-40
	android:label
		ADDED from src/main/AndroidManifest.xml:141:13-51
	android:windowSoftInputMode
		ADDED from src/main/AndroidManifest.xml:144:13-72
	android:name
		ADDED from src/main/AndroidManifest.xml:140:13-57
intent-filter#action:name:gdt.action.NATIVE_SELF_MP_DEMO+category:name:android.intent.category.DEFAULT
ADDED from src/main/AndroidManifest.xml:155:13-159:29
action#gdt.action.NATIVE_SELF_MP_DEMO
ADDED from src/main/AndroidManifest.xml:156:17-73
	android:name
		ADDED from src/main/AndroidManifest.xml:156:25-70
activity#com.qq.e.union.demo.NativeVideoListDemoActivity
ADDED from src/main/AndroidManifest.xml:161:9-164:52
	android:screenOrientation
		ADDED from src/main/AndroidManifest.xml:164:13-49
	android:label
		ADDED from src/main/AndroidManifest.xml:163:13-70
	android:name
		ADDED from src/main/AndroidManifest.xml:162:13-56
activity#com.qq.e.union.demo.NativeVideoDemoActivity
ADDED from src/main/AndroidManifest.xml:165:9-168:52
	android:screenOrientation
		ADDED from src/main/AndroidManifest.xml:168:13-49
	android:label
		ADDED from src/main/AndroidManifest.xml:167:13-69
	android:name
		ADDED from src/main/AndroidManifest.xml:166:13-52
activity#com.qq.e.union.demo.NativeVideoADActivity
ADDED from src/main/AndroidManifest.xml:169:9-189:20
	android:screenOrientation
		ADDED from src/main/AndroidManifest.xml:172:13-49
	android:label
		ADDED from src/main/AndroidManifest.xml:171:13-67
	android:windowSoftInputMode
		ADDED from src/main/AndroidManifest.xml:173:13-72
	android:name
		ADDED from src/main/AndroidManifest.xml:170:13-50
intent-filter#action:name:gdt.action.NATIVE_VIDEO_DEMO+category:name:android.intent.category.DEFAULT
ADDED from src/main/AndroidManifest.xml:184:13-188:29
action#gdt.action.NATIVE_VIDEO_DEMO
ADDED from src/main/AndroidManifest.xml:185:17-71
	android:name
		ADDED from src/main/AndroidManifest.xml:185:25-68
activity#com.qq.e.union.demo.NativeVideoRecyclerViewActivity
ADDED from src/main/AndroidManifest.xml:190:9-193:52
	android:screenOrientation
		ADDED from src/main/AndroidManifest.xml:193:13-49
	android:label
		ADDED from src/main/AndroidManifest.xml:192:13-78
	android:name
		ADDED from src/main/AndroidManifest.xml:191:13-60
activity#com.qq.e.union.demo.NativeVideoScrollViewActivity
ADDED from src/main/AndroidManifest.xml:194:9-198:63
	android:screenOrientation
		ADDED from src/main/AndroidManifest.xml:197:13-49
	android:label
		ADDED from src/main/AndroidManifest.xml:196:13-76
	android:theme
		ADDED from src/main/AndroidManifest.xml:198:13-60
	android:name
		ADDED from src/main/AndroidManifest.xml:195:13-58
activity#com.qq.e.union.demo.NativeVideoPreMovieActivity
ADDED from src/main/AndroidManifest.xml:199:9-203:63
	android:label
		ADDED from src/main/AndroidManifest.xml:202:13-74
	android:configChanges
		ADDED from src/main/AndroidManifest.xml:201:13-83
	android:theme
		ADDED from src/main/AndroidManifest.xml:203:13-60
	android:name
		ADDED from src/main/AndroidManifest.xml:200:13-56
activity#com.qq.e.union.demo.NativeExpressADActivity
ADDED from src/main/AndroidManifest.xml:204:9-224:20
	android:screenOrientation
		ADDED from src/main/AndroidManifest.xml:207:13-49
	android:label
		ADDED from src/main/AndroidManifest.xml:206:13-69
	android:windowSoftInputMode
		ADDED from src/main/AndroidManifest.xml:208:13-72
	android:name
		ADDED from src/main/AndroidManifest.xml:205:13-52
intent-filter#action:name:gdt.action.NATIVE_EXPRESS_DEMO+category:name:android.intent.category.DEFAULT
ADDED from src/main/AndroidManifest.xml:219:13-223:29
action#gdt.action.NATIVE_EXPRESS_DEMO
ADDED from src/main/AndroidManifest.xml:220:17-73
	android:name
		ADDED from src/main/AndroidManifest.xml:220:25-70
activity#com.qq.e.union.demo.NativeExpressDemoActivity
ADDED from src/main/AndroidManifest.xml:225:9-230:57
	android:screenOrientation
		ADDED from src/main/AndroidManifest.xml:229:13-49
	android:label
		ADDED from src/main/AndroidManifest.xml:228:13-71
	android:windowSoftInputMode
		ADDED from src/main/AndroidManifest.xml:230:13-54
	android:configChanges
		ADDED from src/main/AndroidManifest.xml:227:13-83
	android:name
		ADDED from src/main/AndroidManifest.xml:226:13-54
activity#com.qq.e.union.demo.NativeExpressRecyclerViewActivity
ADDED from src/main/AndroidManifest.xml:231:9-235:52
	android:screenOrientation
		ADDED from src/main/AndroidManifest.xml:235:13-49
	android:label
		ADDED from src/main/AndroidManifest.xml:234:13-80
	android:configChanges
		ADDED from src/main/AndroidManifest.xml:233:13-83
	android:name
		ADDED from src/main/AndroidManifest.xml:232:13-62
activity#com.qq.e.union.demo.NativeADUnifiedActivity
ADDED from src/main/AndroidManifest.xml:236:9-257:20
	android:screenOrientation
		ADDED from src/main/AndroidManifest.xml:240:13-49
	android:label
		ADDED from src/main/AndroidManifest.xml:239:13-71
	android:windowSoftInputMode
		ADDED from src/main/AndroidManifest.xml:241:13-54
	android:configChanges
		ADDED from src/main/AndroidManifest.xml:238:13-83
	android:name
		ADDED from src/main/AndroidManifest.xml:237:13-52
intent-filter#action:name:gdt.action.NATIVE_CONTAINER+category:name:android.intent.category.DEFAULT
ADDED from src/main/AndroidManifest.xml:252:13-256:29
action#gdt.action.NATIVE_CONTAINER
ADDED from src/main/AndroidManifest.xml:253:17-70
	android:name
		ADDED from src/main/AndroidManifest.xml:253:25-67
activity#com.qq.e.union.demo.NativeADUnifiedSampleActivity
ADDED from src/main/AndroidManifest.xml:258:9-261:74
	android:label
		ADDED from src/main/AndroidManifest.xml:261:13-71
	android:configChanges
		ADDED from src/main/AndroidManifest.xml:260:13-83
	android:name
		ADDED from src/main/AndroidManifest.xml:259:13-58
activity#com.qq.e.union.demo.NativeADUnifiedListViewActivity
ADDED from src/main/AndroidManifest.xml:262:9-266:52
	android:screenOrientation
		ADDED from src/main/AndroidManifest.xml:266:13-49
	android:label
		ADDED from src/main/AndroidManifest.xml:265:13-71
	android:configChanges
		ADDED from src/main/AndroidManifest.xml:264:13-83
	android:name
		ADDED from src/main/AndroidManifest.xml:263:13-60
activity#com.qq.e.union.demo.NativeADUnifiedRecyclerViewActivity
ADDED from src/main/AndroidManifest.xml:267:9-271:52
	android:screenOrientation
		ADDED from src/main/AndroidManifest.xml:271:13-49
	android:label
		ADDED from src/main/AndroidManifest.xml:270:13-71
	android:configChanges
		ADDED from src/main/AndroidManifest.xml:269:13-83
	android:name
		ADDED from src/main/AndroidManifest.xml:268:13-64
activity#com.qq.e.union.demo.NativeADUnifiedPreMovieActivity
ADDED from src/main/AndroidManifest.xml:272:9-275:74
	android:label
		ADDED from src/main/AndroidManifest.xml:275:13-71
	android:configChanges
		ADDED from src/main/AndroidManifest.xml:274:13-83
	android:name
		ADDED from src/main/AndroidManifest.xml:273:13-60
activity#com.qq.e.union.demo.NativeADUnifiedFullScreenActivity
ADDED from src/main/AndroidManifest.xml:276:9-281:62
	android:screenOrientation
		ADDED from src/main/AndroidManifest.xml:280:13-49
	android:label
		ADDED from src/main/AndroidManifest.xml:279:13-71
	android:configChanges
		ADDED from src/main/AndroidManifest.xml:278:13-83
	android:theme
		ADDED from src/main/AndroidManifest.xml:281:13-60
	android:name
		ADDED from src/main/AndroidManifest.xml:277:13-62
activity#com.qq.e.union.demo.NativeADUnifiedFullScreenFeedActivity
ADDED from src/main/AndroidManifest.xml:282:9-287:62
	android:screenOrientation
		ADDED from src/main/AndroidManifest.xml:286:13-49
	android:label
		ADDED from src/main/AndroidManifest.xml:285:13-71
	android:configChanges
		ADDED from src/main/AndroidManifest.xml:284:13-83
	android:theme
		ADDED from src/main/AndroidManifest.xml:287:13-60
	android:name
		ADDED from src/main/AndroidManifest.xml:283:13-66
activity#com.qq.e.union.demo.NativeADUnifiedDevRenderContainerActivity
ADDED from src/main/AndroidManifest.xml:288:9-292:74
	android:screenOrientation
		ADDED from src/main/AndroidManifest.xml:291:13-49
	android:label
		ADDED from src/main/AndroidManifest.xml:292:13-71
	android:configChanges
		ADDED from src/main/AndroidManifest.xml:290:13-83
	android:name
		ADDED from src/main/AndroidManifest.xml:289:13-70
activity#com.qq.e.union.demo.ContentADActivity
ADDED from src/main/AndroidManifest.xml:293:9-313:20
	android:screenOrientation
		ADDED from src/main/AndroidManifest.xml:296:13-49
	android:label
		ADDED from src/main/AndroidManifest.xml:295:13-52
	android:windowSoftInputMode
		ADDED from src/main/AndroidManifest.xml:297:13-72
	android:name
		ADDED from src/main/AndroidManifest.xml:294:13-46
intent-filter#action:name:gdt.action.CONTENT_DEMO+category:name:android.intent.category.DEFAULT
ADDED from src/main/AndroidManifest.xml:308:13-312:29
action#gdt.action.CONTENT_DEMO
ADDED from src/main/AndroidManifest.xml:309:17-66
	android:name
		ADDED from src/main/AndroidManifest.xml:309:25-63
activity#com.qq.e.union.demo.RewardVideoActivity
ADDED from src/main/AndroidManifest.xml:314:9-335:20
	android:screenOrientation
		ADDED from src/main/AndroidManifest.xml:318:13-49
	android:label
		ADDED from src/main/AndroidManifest.xml:317:13-55
	android:windowSoftInputMode
		ADDED from src/main/AndroidManifest.xml:319:13-72
	android:configChanges
		ADDED from src/main/AndroidManifest.xml:316:13-83
	android:name
		ADDED from src/main/AndroidManifest.xml:315:13-48
intent-filter#action:name:gdt.action.REWARD_VIDEO_DEMO+category:name:android.intent.category.DEFAULT
ADDED from src/main/AndroidManifest.xml:330:13-334:29
action#gdt.action.REWARD_VIDEO_DEMO
ADDED from src/main/AndroidManifest.xml:331:17-71
	android:name
		ADDED from src/main/AndroidManifest.xml:331:25-68
activity#com.qq.e.union.demo.HybridADActivity
ADDED from src/main/AndroidManifest.xml:336:9-356:20
	android:screenOrientation
		ADDED from src/main/AndroidManifest.xml:341:13-49
	android:label
		ADDED from src/main/AndroidManifest.xml:338:13-49
	android:windowSoftInputMode
		ADDED from src/main/AndroidManifest.xml:339:13-72
	android:configChanges
		ADDED from src/main/AndroidManifest.xml:340:13-83
	android:name
		ADDED from src/main/AndroidManifest.xml:337:13-45
intent-filter#action:name:gdt.action.HYBRID_DEMO+category:name:android.intent.category.DEFAULT
ADDED from src/main/AndroidManifest.xml:352:13-355:29
action#gdt.action.HYBRID_DEMO
ADDED from src/main/AndroidManifest.xml:353:17-65
	android:name
		ADDED from src/main/AndroidManifest.xml:353:25-62
activity#com.qq.e.union.demo.UnifiedBannerActivity
ADDED from src/main/AndroidManifest.xml:357:9-376:20
	android:label
		ADDED from src/main/AndroidManifest.xml:360:13-66
	android:windowSoftInputMode
		ADDED from src/main/AndroidManifest.xml:361:13-72
	android:configChanges
		ADDED from src/main/AndroidManifest.xml:359:13-83
	android:name
		ADDED from src/main/AndroidManifest.xml:358:13-50
intent-filter#action:name:gdt.action.UNIFIED_BANNER_DEMO+category:name:android.intent.category.DEFAULT
ADDED from src/main/AndroidManifest.xml:372:13-375:29
action#gdt.action.UNIFIED_BANNER_DEMO
ADDED from src/main/AndroidManifest.xml:373:17-73
	android:name
		ADDED from src/main/AndroidManifest.xml:373:25-70
activity#com.qq.e.union.demo.UnifiedInterstitialADActivity
ADDED from src/main/AndroidManifest.xml:377:9-396:20
	android:label
		ADDED from src/main/AndroidManifest.xml:380:13-75
	android:windowSoftInputMode
		ADDED from src/main/AndroidManifest.xml:381:13-72
	android:configChanges
		ADDED from src/main/AndroidManifest.xml:379:13-83
	android:name
		ADDED from src/main/AndroidManifest.xml:378:13-58
intent-filter#action:name:gdt.action.UNIFIED_INTERSTITIAL_DEMO+category:name:android.intent.category.DEFAULT
ADDED from src/main/AndroidManifest.xml:392:13-395:29
action#gdt.action.UNIFIED_INTERSTITIAL_DEMO
ADDED from src/main/AndroidManifest.xml:393:17-79
	android:name
		ADDED from src/main/AndroidManifest.xml:393:25-76
uses-sdk
INJECTED from src/main/AndroidManifest.xml reason: use-sdk injection requested
INJECTED from src/main/AndroidManifest.xml
INJECTED from src/main/AndroidManifest.xml
MERGED from [GDTSDK.union.4.80.950.aar] AndroidManifest.xml:7:5-9:41
MERGED from [GDTSDK.union.4.80.950.aar] AndroidManifest.xml:7:5-9:41
MERGED from [com.android.support:support-v4:28.0.0] AndroidManifest.xml:20:5-44
MERGED from [com.android.support:support-v4:28.0.0] AndroidManifest.xml:20:5-44
MERGED from [com.android.support:design:28.0.0] AndroidManifest.xml:20:5-44
MERGED from [com.android.support:design:28.0.0] AndroidManifest.xml:20:5-44
MERGED from [com.android.support:recyclerview-v7:28.0.0] AndroidManifest.xml:20:5-44
MERGED from [com.android.support:recyclerview-v7:28.0.0] AndroidManifest.xml:20:5-44
MERGED from [com.android.support:appcompat-v7:28.0.0] AndroidManifest.xml:20:5-44
MERGED from [com.android.support:appcompat-v7:28.0.0] AndroidManifest.xml:20:5-44
MERGED from [com.android.support.constraint:constraint-layout:1.1.3] AndroidManifest.xml:5:5-7:41
MERGED from [com.android.support.constraint:constraint-layout:1.1.3] AndroidManifest.xml:5:5-7:41
MERGED from [com.tencent.bugly:crashreport:3.0.1] AndroidManifest.xml:5:5-7:41
MERGED from [com.tencent.bugly:crashreport:3.0.1] AndroidManifest.xml:5:5-7:41
MERGED from [com.android.support:support-media-compat:28.0.0] AndroidManifest.xml:20:5-44
MERGED from [com.android.support:support-media-compat:28.0.0] AndroidManifest.xml:20:5-44
MERGED from [com.android.support:support-fragment:28.0.0] AndroidManifest.xml:20:5-44
MERGED from [com.android.support:support-fragment:28.0.0] AndroidManifest.xml:20:5-44
MERGED from [com.android.support:animated-vector-drawable:28.0.0] AndroidManifest.xml:20:5-44
MERGED from [com.android.support:animated-vector-drawable:28.0.0] AndroidManifest.xml:20:5-44
MERGED from [com.android.support:support-core-ui:28.0.0] AndroidManifest.xml:20:5-44
MERGED from [com.android.support:support-core-ui:28.0.0] AndroidManifest.xml:20:5-44
MERGED from [com.android.support:support-core-utils:28.0.0] AndroidManifest.xml:20:5-44
MERGED from [com.android.support:support-core-utils:28.0.0] AndroidManifest.xml:20:5-44
MERGED from [com.android.support:support-vector-drawable:28.0.0] AndroidManifest.xml:20:5-44
MERGED from [com.android.support:support-vector-drawable:28.0.0] AndroidManifest.xml:20:5-44
MERGED from [com.android.support:transition:28.0.0] AndroidManifest.xml:20:5-44
MERGED from [com.android.support:transition:28.0.0] AndroidManifest.xml:20:5-44
MERGED from [com.android.support:loader:28.0.0] AndroidManifest.xml:20:5-44
MERGED from [com.android.support:loader:28.0.0] AndroidManifest.xml:20:5-44
MERGED from [com.android.support:viewpager:28.0.0] AndroidManifest.xml:20:5-44
MERGED from [com.android.support:viewpager:28.0.0] AndroidManifest.xml:20:5-44
MERGED from [com.android.support:coordinatorlayout:28.0.0] AndroidManifest.xml:20:5-44
MERGED from [com.android.support:coordinatorlayout:28.0.0] AndroidManifest.xml:20:5-44
MERGED from [com.android.support:drawerlayout:28.0.0] AndroidManifest.xml:20:5-44
MERGED from [com.android.support:drawerlayout:28.0.0] AndroidManifest.xml:20:5-44
MERGED from [com.android.support:slidingpanelayout:28.0.0] AndroidManifest.xml:20:5-44
MERGED from [com.android.support:slidingpanelayout:28.0.0] AndroidManifest.xml:20:5-44
MERGED from [com.android.support:customview:28.0.0] AndroidManifest.xml:20:5-44
MERGED from [com.android.support:customview:28.0.0] AndroidManifest.xml:20:5-44
MERGED from [com.android.support:swiperefreshlayout:28.0.0] AndroidManifest.xml:20:5-44
MERGED from [com.android.support:swiperefreshlayout:28.0.0] AndroidManifest.xml:20:5-44
MERGED from [com.android.support:asynclayoutinflater:28.0.0] AndroidManifest.xml:20:5-44
MERGED from [com.android.support:asynclayoutinflater:28.0.0] AndroidManifest.xml:20:5-44
MERGED from [com.android.support:support-compat:28.0.0] AndroidManifest.xml:20:5-44
MERGED from [com.android.support:support-compat:28.0.0] AndroidManifest.xml:20:5-44
MERGED from [com.android.support:versionedparcelable:28.0.0] AndroidManifest.xml:20:5-44
MERGED from [com.android.support:versionedparcelable:28.0.0] AndroidManifest.xml:20:5-44
MERGED from [com.android.support:cursoradapter:28.0.0] AndroidManifest.xml:20:5-44
MERGED from [com.android.support:cursoradapter:28.0.0] AndroidManifest.xml:20:5-44
MERGED from [com.android.support:cardview-v7:28.0.0] AndroidManifest.xml:20:5-44
MERGED from [com.android.support:cardview-v7:28.0.0] AndroidManifest.xml:20:5-44
MERGED from [android.arch.lifecycle:runtime:1.1.1] AndroidManifest.xml:20:5-44
MERGED from [android.arch.lifecycle:runtime:1.1.1] AndroidManifest.xml:20:5-44
MERGED from [com.android.support:documentfile:28.0.0] AndroidManifest.xml:20:5-44
MERGED from [com.android.support:documentfile:28.0.0] AndroidManifest.xml:20:5-44
MERGED from [com.android.support:localbroadcastmanager:28.0.0] AndroidManifest.xml:20:5-44
MERGED from [com.android.support:localbroadcastmanager:28.0.0] AndroidManifest.xml:20:5-44
MERGED from [com.android.support:print:28.0.0] AndroidManifest.xml:20:5-44
MERGED from [com.android.support:print:28.0.0] AndroidManifest.xml:20:5-44
MERGED from [com.android.support:interpolator:28.0.0] AndroidManifest.xml:20:5-44
MERGED from [com.android.support:interpolator:28.0.0] AndroidManifest.xml:20:5-44
MERGED from [android.arch.lifecycle:viewmodel:1.1.1] AndroidManifest.xml:20:5-44
MERGED from [android.arch.lifecycle:viewmodel:1.1.1] AndroidManifest.xml:20:5-44
MERGED from [android.arch.lifecycle:livedata:1.1.1] AndroidManifest.xml:20:5-44
MERGED from [android.arch.lifecycle:livedata:1.1.1] AndroidManifest.xml:20:5-44
MERGED from [android.arch.lifecycle:livedata-core:1.1.1] AndroidManifest.xml:20:5-44
MERGED from [android.arch.lifecycle:livedata-core:1.1.1] AndroidManifest.xml:20:5-44
MERGED from [android.arch.core:runtime:1.1.1] AndroidManifest.xml:20:5-44